<?xml version="1.0" encoding="UTF-8"?>
<coverage generated="1787485419711" clover="3.2.0">
  <project timestamp="1787485419711" name="All files">
    <metrics statements="16" coveredstatements="15" conditionals="20" coveredconditionals="14" methods="7" coveredmethods="6" elements="43" coveredelements="35" complexity="0" loc="16" ncloc="16" packages="1" files="1" classes="1"/>
    <file name="useHistory.ts" path="/Users/maciejsoroka/Desktop/BetMatesss/src/features/bets/hooks/useHistory.ts">
      <metrics statements="16" coveredstatements="15" conditionals="20" coveredconditionals="14" methods="7" coveredmethods="6"/>
      <line num="17" count="19" type="stmt"/>
      <line num="18" count="19" type="cond" truecount="1" falsecount="1"/>
      <line num="19" count="19" type="cond" truecount="2" falsecount="0"/>
      <line num="20" count="13" type="cond" truecount="2" falsecount="0"/>
      <line num="21" count="6" type="cond" truecount="3" falsecount="0"/>
      <line num="25" count="7" type="stmt"/>
      <line num="26" count="7" type="stmt"/>
      <line num="28" count="7" type="stmt"/>
      <line num="31" count="4" type="stmt"/>
      <line num="35" count="3" type="stmt"/>
      <line num="37" count="2" type="stmt"/>
      <line num="43" count="7" type="stmt"/>
      <line num="45" count="0" type="cond" truecount="0" falsecount="2"/>
      <line num="49" count="7" type="stmt"/>
      <line num="50" count="7" type="cond" truecount="3" falsecount="1"/>
      <line num="54" count="7" type="stmt"/>
    </file>
  </project>
</coverage>
