{"/Users/maciejsoroka/Desktop/BetMatesss/src/features/bets/hooks/useHistory.ts": {"path":"/Users/maciejsoroka/Desktop/BetMatesss/src/features/bets/hooks/useHistory.ts","statementMap":{"0":{"start":{"line":17,"column":13},"end":{"line":17,"column":36}},"1":{"start":{"line":18,"column":2},"end":{"line":18,"column":34}},"2":{"start":{"line":18,"column":11},"end":{"line":18,"column":34}},"3":{"start":{"line":19,"column":2},"end":{"line":19,"column":35}},"4":{"start":{"line":19,"column":24},"end":{"line":19,"column":35}},"5":{"start":{"line":20,"column":2},"end":{"line":20,"column":55}},"6":{"start":{"line":20,"column":30},"end":{"line":20,"column":55}},"7":{"start":{"line":21,"column":2},"end":{"line":21,"column":78}},"8":{"start":{"line":25,"column":21},"end":{"line":25,"column":37}},"9":{"start":{"line":26,"column":30},"end":{"line":26,"column":68}},"10":{"start":{"line":28,"column":53},"end":{"line":41,"column":4}},"11":{"start":{"line":31,"column":28},"end":{"line":34,"column":8}},"12":{"start":{"line":35,"column":6},"end":{"line":38,"column":7}},"13":{"start":{"line":37,"column":42},"end":{"line":37,"column":58}},"14":{"start":{"line":43,"column":2},"end":{"line":47,"column":3}},"15":{"start":{"line":45,"column":6},"end":{"line":45,"column":32}},"16":{"start":{"line":45,"column":18},"end":{"line":45,"column":32}},"17":{"start":{"line":49,"column":24},"end":{"line":52,"column":3}},"18":{"start":{"line":50,"column":10},"end":{"line":50,"column":108}},"19":{"start":{"line":50,"column":45},"end":{"line":50,"column":107}},"20":{"start":{"line":54,"column":2},"end":{"line":63,"column":3}}},"fnMap":{"0":{"name":"itemMatchesFilter","decl":{"start":{"line":16,"column":16},"end":{"line":16,"column":33}},"loc":{"start":{"line":16,"column":125},"end":{"line":22,"column":1}},"line":16},"1":{"name":"useHistory","decl":{"start":{"line":24,"column":16},"end":{"line":24,"column":26}},"loc":{"start":{"line":24,"column":65},"end":{"line":64,"column":1}},"line":24},"2":{"name":"(anonymous_2)","decl":{"start":{"line":30,"column":13},"end":{"line":30,"column":14}},"loc":{"start":{"line":30,"column":25},"end":{"line":39,"column":5}},"line":30},"3":{"name":"(anonymous_3)","decl":{"start":{"line":37,"column":37},"end":{"line":37,"column":38}},"loc":{"start":{"line":37,"column":42},"end":{"line":37,"column":58}},"line":37},"4":{"name":"(anonymous_4)","decl":{"start":{"line":44,"column":16},"end":{"line":44,"column":17}},"loc":{"start":{"line":44,"column":22},"end":{"line":46,"column":5}},"line":44},"5":{"name":"(anonymous_5)","decl":{"start":{"line":50,"column":4},"end":{"line":50,"column":5}},"loc":{"start":{"line":50,"column":10},"end":{"line":50,"column":108}},"line":50},"6":{"name":"(anonymous_6)","decl":{"start":{"line":50,"column":37},"end":{"line":50,"column":38}},"loc":{"start":{"line":50,"column":45},"end":{"line":50,"column":107}},"line":50}},"branchMap":{"0":{"loc":{"start":{"line":18,"column":2},"end":{"line":18,"column":34}},"type":"if","locations":[{"start":{"line":18,"column":2},"end":{"line":18,"column":34}},{"start":{},"end":{}}],"line":18},"1":{"loc":{"start":{"line":19,"column":2},"end":{"line":19,"column":35}},"type":"if","locations":[{"start":{"line":19,"column":2},"end":{"line":19,"column":35}},{"start":{},"end":{}}],"line":19},"2":{"loc":{"start":{"line":20,"column":2},"end":{"line":20,"column":55}},"type":"if","locations":[{"start":{"line":20,"column":2},"end":{"line":20,"column":55}},{"start":{},"end":{}}],"line":20},"3":{"loc":{"start":{"line":21,"column":9},"end":{"line":21,"column":78}},"type":"binary-expr","locations":[{"start":{"line":21,"column":9},"end":{"line":21,"column":25}},{"start":{"line":21,"column":29},"end":{"line":21,"column":44}},{"start":{"line":21,"column":48},"end":{"line":21,"column":78}}],"line":21},"4":{"loc":{"start":{"line":24,"column":27},"end":{"line":24,"column":63}},"type":"default-arg","locations":[{"start":{"line":24,"column":58},"end":{"line":24,"column":63}}],"line":24},"5":{"loc":{"start":{"line":29,"column":32},"end":{"line":29,"column":44}},"type":"binary-expr","locations":[{"start":{"line":29,"column":32},"end":{"line":29,"column":38}},{"start":{"line":29,"column":42},"end":{"line":29,"column":44}}],"line":29},"6":{"loc":{"start":{"line":45,"column":6},"end":{"line":45,"column":32}},"type":"if","locations":[{"start":{"line":45,"column":6},"end":{"line":45,"column":32}},{"start":{},"end":{}}],"line":45},"7":{"loc":{"start":{"line":50,"column":11},"end":{"line":50,"column":28}},"type":"binary-expr","locations":[{"start":{"line":50,"column":11},"end":{"line":50,"column":22}},{"start":{"line":50,"column":26},"end":{"line":50,"column":28}}],"line":50},"8":{"loc":{"start":{"line":50,"column":77},"end":{"line":50,"column":106}},"type":"binary-expr","locations":[{"start":{"line":50,"column":77},"end":{"line":50,"column":93}},{"start":{"line":50,"column":97},"end":{"line":50,"column":106}}],"line":50},"9":{"loc":{"start":{"line":58,"column":17},"end":{"line":58,"column":40}},"type":"binary-expr","locations":[{"start":{"line":58,"column":17},"end":{"line":58,"column":35}},{"start":{"line":58,"column":39},"end":{"line":58,"column":40}}],"line":58}},"s":{"0":19,"1":19,"2":0,"3":19,"4":6,"5":13,"6":7,"7":6,"8":7,"9":7,"10":7,"11":4,"12":3,"13":2,"14":7,"15":0,"16":0,"17":7,"18":7,"19":2,"20":7},"f":{"0":19,"1":7,"2":4,"3":2,"4":0,"5":7,"6":2},"b":{"0":[0,19],"1":[6,13],"2":[7,6],"3":[6,5,3],"4":[0],"5":[7,0],"6":[0,0],"7":[7,4],"8":[2,0],"9":[7,4]},"_coverageSchema":"1a1c01bbd47fc00a2c39e90264f33305004495a9","hash":"3688d6de0ade38de7e57a80e921ab8998a8b1f30"}
}
