TN:
SF:src/features/bets/hooks/useHistory.ts
FN:16,itemMatchesFilter
FN:24,useHistory
FN:30,(anonymous_2)
FN:37,(anonymous_3)
FN:44,(anonymous_4)
FN:50,(anonymous_5)
FN:50,(anonymous_6)
FNF:7
FNH:6
FNDA:19,itemMatchesFilter
FNDA:7,useHistory
FNDA:4,(anonymous_2)
FNDA:2,(anonymous_3)
FNDA:0,(anonymous_4)
FNDA:7,(anonymous_5)
FNDA:2,(anonymous_6)
DA:17,19
DA:18,19
DA:19,19
DA:20,13
DA:21,6
DA:25,7
DA:26,7
DA:28,7
DA:31,4
DA:35,3
DA:37,2
DA:43,7
DA:45,0
DA:49,7
DA:50,7
DA:54,7
LF:16
LH:15
BRDA:18,0,0,0
BRDA:18,0,1,19
BRDA:19,1,0,6
BRDA:19,1,1,13
BRDA:20,2,0,7
BRDA:20,2,1,6
BRDA:21,3,0,6
BRDA:21,3,1,5
BRDA:21,3,2,3
BRDA:24,4,0,0
BRDA:29,5,0,7
BRDA:29,5,1,0
BRDA:45,6,0,0
BRDA:45,6,1,0
BRDA:50,7,0,7
BRDA:50,7,1,4
BRDA:50,8,0,2
BRDA:50,8,1,0
BRDA:58,9,0,7
BRDA:58,9,1,4
BRF:20
BRH:14
end_of_record
